Info    2025-09-12 16:41:48  DevID:MV-CS016-10UC(DA0498828)  Source-Line:libMvCameraControl.so(CInterfaceManager.cpp-L0811)     Description:Current dynamic library path[/home/gkd/gkd_calibrattion/calibration/lib/64/libMvCameraControl.so]     Solution:
Info    2025-09-12 16:41:48  DevID:MV-CS016-10UC(DA0498828)  Source-Line:libMvCameraControl.so(CInterfaceManager.cpp-L0814)     Description:CamCtl_Version: 3.1.3.0     Solution:
Info    2025-09-12 16:41:48  DevID:MV-CS016-10UC(DA0498828)  Source-Line:libMvCameraControl.so(CInterfaceManager.cpp-L0815)     Description:CamCtl_Description: BaseLine Build20200720, Repair Create Thread Failed In Root User     Solution:
Info    2025-09-12 16:41:48  DevID:MV-CS016-10UC(DA0498828)  Source-Line:libMvCameraControl.so(CInterfaceManager.cpp-L0817)     Description:[MV_CC_CreateHandle] return[0x0]     Solution:
Info    2025-09-12 16:41:48  DevID:MV-CS016-10UC(DA0498828)  Source-Line:libMvCameraControl.so(CInterfaceManager.cpp-L6110)     Description:CamCtrl[0x3010300], U3V SDKVersion[0x3010300], DriverVersion[0x0]     Solution:
Info    2025-09-12 16:41:50  DevID:MV-CS016-10UC(DA0498828)  Source-Line:libMvCameraControl.so(CInterfaceManager.cpp-L3996)     Description:[MV_CC_InvalidateNodes] return[0x0]     Solution:
Info    2025-09-12 16:41:50  DevID:MV-CS016-10UC(DA0498828)  Source-Line:libMvCameraControl.so(CInterfaceManager.cpp-L1091)     Description:[MV_CC_OpenDevice] nPrivilegeMode[1], nSwitchoverKey[0], return[0x0]     Solution:
Info    2025-09-12 16:41:50  DevID:MV-CS016-10UC(DA0498828)  Source-Line:libMvCameraControl.so(CInterfaceManager.cpp-L1627)     Description:U3V, DeviceModelName[MV-CS016-10UC], DeviceFirmwareVersion[V2.1.2 220907884152 22083001], DeviceMaxThroughput[387500]     Solution:
Info    2025-09-12 16:41:50  DevID:MV-CS016-10UC(DA0498828)  Source-Line:libMvCameraControl.so(CInterfaceManager.cpp-L1632)     Description:U3V, Width[1440], Height[1080], OffsetX[0], OffsetY[0], PixelFormat[0x1080009], AcquisitionMode[2]     Solution:
Info    2025-09-12 16:41:50  DevID:MV-CS016-10UC(DA0498828)  Source-Line:libMvCameraControl.so(CInterfaceManager.cpp-L1637)     Description:U3V, TriggerMode[0], ResultingFrameRate[120.00], ExposureTime[1000.00], ExposureAuto[0], PayloadSize[1555200]     Solution:
Info    2025-09-12 16:41:50  DevID:MV-CS016-10UC(DA0498828)  Source-Line:libMvCameraControl.so(CInterfaceManager.cpp-L5768)     Description:CamCtrl RecvThread Start, ThreadId[1019217472]     Solution:
Info    2025-09-12 16:41:50  DevID:MV-CS016-10UC(DA0498828)  Source-Line:libMvCameraControl.so(CInterfaceManager.cpp-L1716)     Description:There is no registration callback     Solution:
Info    2025-09-12 16:41:50  DevID:MV-CS016-10UC(DA0498828)  Source-Line:libMvCameraControl.so(CInterfaceManager.cpp-L5593)     Description:CamCtrl Display Thread Start, ThreadId[937428544]     Solution:
Info    2025-09-12 16:41:50  DevID:MV-CS016-10UC(DA0498828)  Source-Line:libMvCameraControl.so(CInterfaceManager.cpp-L1721)     Description:[MV_CC_StartGrabbing] return[0x0]     Solution:
Error   2025-09-12 16:41:50  DevID:MV-CS016-10UC(DA0498828)  Source-Line:libMvCameraControl.so(XmlParse.cpp-L2704)     Description:SetNodeValue [ExposureTime], [Value 0.000000 must be greater than or equal 15.000000. : OutOfRangeException thrown in node 'ExposureTime' while calling 'ExposureTime.SetValue()' (file 'FloatT.h', line 85)]     Solution:
Error   2025-09-12 16:41:50  DevID:MV-CS016-10UC(DA0498828)  Source-Line:libMvCameraControl.so(XmlParse.cpp-L2704)     Description:SetNodeValue [AcquisitionFrameRate], [Value 0.000000 must be greater than or equal 0.100000. : OutOfRangeException thrown in node 'AcquisitionFrameRate' while calling 'AcquisitionFrameRate.SetValue()' (file 'FloatT.h', line 85)]     Solution:
Info    2025-09-12 16:42:35  DevID:MV-CS016-10UC(DA0498828)  Source-Line:libMvCameraControl.so(CInterfaceManager.cpp-L0811)     Description:Current dynamic library path[/home/gkd/gkd_calibrattion/calibration/lib/64/libMvCameraControl.so]     Solution:
Info    2025-09-12 16:42:35  DevID:MV-CS016-10UC(DA0498828)  Source-Line:libMvCameraControl.so(CInterfaceManager.cpp-L0814)     Description:CamCtl_Version: 3.1.3.0     Solution:
Info    2025-09-12 16:42:35  DevID:MV-CS016-10UC(DA0498828)  Source-Line:libMvCameraControl.so(CInterfaceManager.cpp-L0815)     Description:CamCtl_Description: BaseLine Build20200720, Repair Create Thread Failed In Root User     Solution:
Info    2025-09-12 16:42:35  DevID:MV-CS016-10UC(DA0498828)  Source-Line:libMvCameraControl.so(CInterfaceManager.cpp-L0817)     Description:[MV_CC_CreateHandle] return[0x0]     Solution:
Info    2025-09-12 16:42:35  DevID:MV-CS016-10UC(DA0498828)  Source-Line:libMvCameraControl.so(CInterfaceManager.cpp-L6110)     Description:CamCtrl[0x3010300], U3V SDKVersion[0x3010300], DriverVersion[0x0]     Solution:
Info    2025-09-12 16:42:36  DevID:MV-CS016-10UC(DA0498828)  Source-Line:libMvCameraControl.so(CInterfaceManager.cpp-L3996)     Description:[MV_CC_InvalidateNodes] return[0x0]     Solution:
Info    2025-09-12 16:42:36  DevID:MV-CS016-10UC(DA0498828)  Source-Line:libMvCameraControl.so(CInterfaceManager.cpp-L1091)     Description:[MV_CC_OpenDevice] nPrivilegeMode[1], nSwitchoverKey[0], return[0x0]     Solution:
Info    2025-09-12 16:42:36  DevID:MV-CS016-10UC(DA0498828)  Source-Line:libMvCameraControl.so(CInterfaceManager.cpp-L1627)     Description:U3V, DeviceModelName[MV-CS016-10UC], DeviceFirmwareVersion[V2.1.2 220907884152 22083001], DeviceMaxThroughput[387500]     Solution:
Info    2025-09-12 16:42:36  DevID:MV-CS016-10UC(DA0498828)  Source-Line:libMvCameraControl.so(CInterfaceManager.cpp-L1632)     Description:U3V, Width[1440], Height[1080], OffsetX[0], OffsetY[0], PixelFormat[0x1080009], AcquisitionMode[2]     Solution:
Info    2025-09-12 16:42:36  DevID:MV-CS016-10UC(DA0498828)  Source-Line:libMvCameraControl.so(CInterfaceManager.cpp-L1637)     Description:U3V, TriggerMode[0], ResultingFrameRate[120.00], ExposureTime[1000.00], ExposureAuto[0], PayloadSize[1555200]     Solution:
Info    2025-09-12 16:42:36  DevID:MV-CS016-10UC(DA0498828)  Source-Line:libMvCameraControl.so(CInterfaceManager.cpp-L5768)     Description:CamCtrl RecvThread Start, ThreadId[1252001344]     Solution:
Info    2025-09-12 16:42:36  DevID:MV-CS016-10UC(DA0498828)  Source-Line:libMvCameraControl.so(CInterfaceManager.cpp-L1716)     Description:There is no registration callback     Solution:
Info    2025-09-12 16:42:36  DevID:MV-CS016-10UC(DA0498828)  Source-Line:libMvCameraControl.so(CInterfaceManager.cpp-L5593)     Description:CamCtrl Display Thread Start, ThreadId[1241515584]     Solution:
Info    2025-09-12 16:42:36  DevID:MV-CS016-10UC(DA0498828)  Source-Line:libMvCameraControl.so(CInterfaceManager.cpp-L1721)     Description:[MV_CC_StartGrabbing] return[0x0]     Solution:
Error   2025-09-12 16:42:36  DevID:MV-CS016-10UC(DA0498828)  Source-Line:libMvCameraControl.so(XmlParse.cpp-L2704)     Description:SetNodeValue [ExposureTime], [Value 0.000000 must be greater than or equal 15.000000. : OutOfRangeException thrown in node 'ExposureTime' while calling 'ExposureTime.SetValue()' (file 'FloatT.h', line 85)]     Solution:
Error   2025-09-12 16:42:36  DevID:MV-CS016-10UC(DA0498828)  Source-Line:libMvCameraControl.so(XmlParse.cpp-L2704)     Description:SetNodeValue [AcquisitionFrameRate], [Value 0.000000 must be greater than or equal 0.100000. : OutOfRangeException thrown in node 'AcquisitionFrameRate' while calling 'AcquisitionFrameRate.SetValue()' (file 'FloatT.h', line 85)]     Solution:
